G:\Projects\C_CPP\VisualStudio\OpticalDesign\Include\GyroscopeSDK\Com.h(1,1): warning C4819: 该文件包含不能在当前代码页(936)中表示的字符。请将该文件保存为 Unicode 格式以防止数据丢失
G:\Projects\C_CPP\Clion\NGS\include\NGS\NGS_TypeTrait.h(1,1): warning C4819: 该文件包含不能在当前代码页(936)中表示的字符。请将该文件保存为 Unicode 格式以防止数据丢失
G:\Projects\C_CPP\Clion\NGS\include\NGS\NGS_Object.h(1,1): warning C4819: 该文件包含不能在当前代码页(936)中表示的字符。请将该文件保存为 Unicode 格式以防止数据丢失
G:\Projects\C_CPP\Clion\NGS\include\NGS\NGS_Color.h(1,1): warning C4819: 该文件包含不能在当前代码页(936)中表示的字符。请将该文件保存为 Unicode 格式以防止数据丢失
G:\Projects\C_CPP\Clion\NGS\include\NGS\NGS_Color.h(33,40): warning C4244: “初始化”: 从“ngs::type::uint64”转换到“const unsigned char”，可能丢失数据
G:\Projects\C_CPP\Clion\NGS\include\NGS\NGS_Color.h(109,76): warning C4309: “初始化”: 截断常量值
G:\Projects\C_CPP\Clion\NGS\include\NGS\NGS_Color.h(173,58): warning C4267: “参数”: 从“size_t”转换到“ngs::type::uint16”，可能丢失数据
G:\Projects\C_CPP\Clion\NGS\include\NGS\NGS_Color.h(217,12): warning C4244: “初始化”: 从“ngs::type::float64”转换到“ngs::type::float32”，可能丢失数据
G:\Projects\C_CPP\Clion\NGS\include\NGS\NGS_Color.h(218,12): warning C4244: “初始化”: 从“ngs::type::float64”转换到“ngs::type::float32”，可能丢失数据
G:\Projects\C_CPP\Clion\NGS\include\NGS\NGS_Color.h(219,12): warning C4244: “初始化”: 从“ngs::type::float64”转换到“ngs::type::float32”，可能丢失数据
G:\Projects\C_CPP\Clion\NGS\include\NGS\NGS_Color.h(236,17): warning C4244: “=”: 从“ngs::type::float32”转换到“ngs::type::byte”，可能丢失数据
G:\Projects\C_CPP\Clion\NGS\include\NGS\NGS_Color.h(238,11): warning C4244: “=”: 从“ngs::type::float32”转换到“ngs::type::byte”，可能丢失数据
G:\Projects\C_CPP\Clion\NGS\include\NGS\NGS_Color.h(240,11): warning C4244: “=”: 从“ngs::type::float32”转换到“ngs::type::byte”，可能丢失数据
G:\Projects\C_CPP\Clion\NGS\include\NGS\NGS_Color.h(278,40): warning C4244: “参数”: 从“ngs::type::float32”转换到“unsigned char”，可能丢失数据
G:\Projects\C_CPP\Clion\NGS\include\NGS\NGS_Color.h(279,40): warning C4244: “参数”: 从“ngs::type::float32”转换到“unsigned char”，可能丢失数据
G:\Projects\C_CPP\Clion\NGS\include\NGS\NGS_Color.h(280,40): warning C4244: “参数”: 从“ngs::type::float32”转换到“unsigned char”，可能丢失数据
G:\Projects\C_CPP\Clion\NGS\include\NGS\File.h(35,44): warning C4455: “operator ""sv”: 已保留不以下划线开头的文本后缀标识符
G:\Projects\C_CPP\Clion\NGS\include\NGS\Debug\Stream.h(323,1): warning C4067: 预处理器指令后有意外标记 - 应输入换行符
G:\Projects\C_CPP\Clion\NGS\include\NGS\Math\Math.h(1,1): warning C4819: 该文件包含不能在当前代码页(936)中表示的字符。请将该文件保存为 Unicode 格式以防止数据丢失
G:\Projects\C_CPP\Clion\NGS\include\NGS\Math\Matrix.h(1,1): warning C4819: 该文件包含不能在当前代码页(936)中表示的字符。请将该文件保存为 Unicode 格式以防止数据丢失
G:\Projects\C_CPP\Clion\NGS\include\NGS\Math\Vector.h(1,1): warning C4819: 该文件包含不能在当前代码页(936)中表示的字符。请将该文件保存为 Unicode 格式以防止数据丢失
G:\Projects\C_CPP\VisualStudio\OpticalDesign\Include\GyroscopeSDK\Com.cpp(29,36): warning C4267: “参数”: 从“size_t”转换到“DWORD”，可能丢失数据
